<?xml version="1.0" encoding="UTF-8"?>
<testng-results ignored="0" total="1" passed="1" failed="0" skipped="0">
  <reporter-output>
    <line>
      <![CDATA[hiiiiii]]>
    </line>
  </reporter-output>
  <suite started-at="2023-06-25T11:34:21 IST" name="Default suite" finished-at="2023-06-25T11:34:27 IST" duration-ms="6354">
    <groups>
    </groups>
    <test started-at="2023-06-25T11:34:21 IST" name="Default test" finished-at="2023-06-25T11:34:27 IST" duration-ms="6354">
      <class name="com.gmail.testscript.Mail">
        <test-method is-config="true" signature="openBrowser()[pri:0, instance:com.gmail.testscript.Mail@3d51f06e]" started-at="2023-06-25T11:34:21 IST" name="openBrowser" finished-at="2023-06-25T11:34:26 IST" duration-ms="5417" status="PASS">
          <reporter-output>
          </reporter-output>
        </test-method> <!-- openBrowser -->
        <test-method is-config="true" signature="login()[pri:0, instance:com.gmail.testscript.Mail@3d51f06e]" started-at="2023-06-25T11:34:26 IST" name="login" finished-at="2023-06-25T11:34:27 IST" duration-ms="896" status="PASS">
          <reporter-output>
          </reporter-output>
        </test-method> <!-- login -->
        <test-method signature="compose()[pri:0, instance:com.gmail.testscript.Mail@3d51f06e]" started-at="2023-06-25T11:34:27 IST" name="compose" finished-at="2023-06-25T11:34:27 IST" duration-ms="8" status="PASS">
          <reporter-output>
            <line>
              <![CDATA[hiiiiii]]>
            </line>
          </reporter-output>
        </test-method> <!-- compose -->
      </class> <!-- com.gmail.testscript.Mail -->
    </test> <!-- Default test -->
  </suite> <!-- Default suite -->
</testng-results>
